Determining if the pthread_create exist failed with the following output:
Change Dir: /home/diva2/diva2/build/CMakeFiles/CMakeTmp

Run Build Command:"/usr/bin/make" "cmTC_e18ca/fast"
/usr/bin/make -f CMakeFiles/cmTC_e18ca.dir/build.make CMakeFiles/cmTC_e18ca.dir/build
make[1]: 디렉터리 '/home/diva2/diva2/build/CMakeFiles/CMakeTmp' 들어감
Building C object CMakeFiles/cmTC_e18ca.dir/CheckSymbolExists.c.o
/usr/bin/gcc-7    -o CMakeFiles/cmTC_e18ca.dir/CheckSymbolExists.c.o   -c /home/diva2/diva2/build/CMakeFiles/CMakeTmp/CheckSymbolExists.c
Linking C executable cmTC_e18ca
/usr/bin/cmake -E cmake_link_script CMakeFiles/cmTC_e18ca.dir/link.txt --verbose=1
/usr/bin/gcc-7      CMakeFiles/cmTC_e18ca.dir/CheckSymbolExists.c.o  -o cmTC_e18ca 
CMakeFiles/cmTC_e18ca.dir/CheckSymbolExists.c.o: In function `main':
CheckSymbolExists.c:(.text+0x1b): undefined reference to `pthread_create'
collect2: error: ld returned 1 exit status
CMakeFiles/cmTC_e18ca.dir/build.make:97: recipe for target 'cmTC_e18ca' failed
make[1]: *** [cmTC_e18ca] Error 1
make[1]: 디렉터리 '/home/diva2/diva2/build/CMakeFiles/CMakeTmp' 나감
Makefile:126: recipe for target 'cmTC_e18ca/fast' failed
make: *** [cmTC_e18ca/fast] Error 2

File /home/diva2/diva2/build/CMakeFiles/CMakeTmp/CheckSymbolExists.c:
/* */
#include <pthread.h>

int main(int argc, char** argv)
{
  (void)argv;
#ifndef pthread_create
  return ((int*)(&pthread_create))[argc];
#else
  (void)argc;
  return 0;
#endif
}

Determining if the function pthread_create exists in the pthreads failed with the following output:
Change Dir: /home/diva2/diva2/build/CMakeFiles/CMakeTmp

Run Build Command:"/usr/bin/make" "cmTC_64810/fast"
/usr/bin/make -f CMakeFiles/cmTC_64810.dir/build.make CMakeFiles/cmTC_64810.dir/build
make[1]: 디렉터리 '/home/diva2/diva2/build/CMakeFiles/CMakeTmp' 들어감
Building C object CMakeFiles/cmTC_64810.dir/CheckFunctionExists.c.o
/usr/bin/gcc-7   -DCHECK_FUNCTION_EXISTS=pthread_create   -o CMakeFiles/cmTC_64810.dir/CheckFunctionExists.c.o   -c /usr/share/cmake-3.10/Modules/CheckFunctionExists.c
Linking C executable cmTC_64810
/usr/bin/cmake -E cmake_link_script CMakeFiles/cmTC_64810.dir/link.txt --verbose=1
/usr/bin/gcc-7  -DCHECK_FUNCTION_EXISTS=pthread_create    CMakeFiles/cmTC_64810.dir/CheckFunctionExists.c.o  -o cmTC_64810 -lpthreads 
/usr/bin/ld: cannot find -lpthreads
collect2: error: ld returned 1 exit status
CMakeFiles/cmTC_64810.dir/build.make:97: recipe for target 'cmTC_64810' failed
make[1]: *** [cmTC_64810] Error 1
make[1]: 디렉터리 '/home/diva2/diva2/build/CMakeFiles/CMakeTmp' 나감
Makefile:126: recipe for target 'cmTC_64810/fast' failed
make: *** [cmTC_64810/fast] Error 2


